2024-09-03 12:38:18 - INFO - Use pytorch device_name: cuda
2024-09-03 12:38:18 - INFO - Load pretrained SentenceTransformer: intfloat/multilingual-e5-large
2024-09-03 12:38:49 - INFO - Running hyperparemeter-optimization...
2024-09-03 12:38:49 - INFO - Use pytorch device_name: cuda
2024-09-03 12:38:49 - INFO - Load pretrained SentenceTransformer: intfloat/multilingual-e5-large
2024-09-03 12:43:09 - INFO - Save model to checkpoints/step_500
2024-09-03 12:46:32 - INFO - Use pytorch device_name: cuda
2024-09-03 12:46:32 - INFO - Load pretrained SentenceTransformer: intfloat/multilingual-e5-large
2024-09-03 12:46:35 - INFO - Running hyperparemeter-optimization...
2024-09-03 12:46:35 - INFO - Use pytorch device_name: cuda
2024-09-03 12:46:35 - INFO - Load pretrained SentenceTransformer: intfloat/multilingual-e5-large
2024-09-03 12:48:38 - INFO - Save model to checkpoints/step_500
2024-09-03 12:50:43 - INFO - Save model to checkpoints/step_1000
2024-09-03 12:52:47 - INFO - Save model to checkpoints/step_1500
2024-09-03 12:54:50 - INFO - Save model to checkpoints/step_2000
2024-09-03 12:56:51 - INFO - Save model to checkpoints/step_2500
2024-09-03 12:58:54 - INFO - Save model to checkpoints/step_3000
2024-09-03 13:00:56 - INFO - Save model to checkpoints/step_3500
2024-09-03 13:02:58 - INFO - Save model to checkpoints/step_4000
2024-09-03 13:04:59 - INFO - Save model to checkpoints/step_4500
2024-09-03 13:07:00 - INFO - Save model to checkpoints/step_5000
2024-09-03 13:09:06 - INFO - Save model to checkpoints/step_5500
2024-09-03 13:11:09 - INFO - Save model to checkpoints/step_6000
2024-09-03 13:13:11 - INFO - Save model to checkpoints/step_6500
2024-09-03 13:15:14 - INFO - Save model to checkpoints/step_7000
2024-09-03 13:17:16 - INFO - Save model to checkpoints/step_7500
2024-09-03 13:19:17 - INFO - Save model to checkpoints/step_8000
2024-09-03 13:21:19 - INFO - Save model to checkpoints/step_8500
2024-09-03 13:22:36 - INFO - Use pytorch device_name: cuda
2024-09-03 13:22:36 - INFO - Load pretrained SentenceTransformer: intfloat/multilingual-e5-large
2024-09-03 13:25:49 - INFO - Save model to checkpoints/step_500
2024-09-03 13:29:02 - INFO - Save model to checkpoints/step_1000
2024-09-03 13:32:10 - INFO - Save model to checkpoints/step_1500
2024-09-03 13:35:19 - INFO - Save model to checkpoints/step_2000
2024-09-03 13:38:25 - INFO - Save model to checkpoints/step_2500
2024-09-03 13:41:35 - INFO - Save model to checkpoints/step_3000
2024-09-03 13:44:45 - INFO - Save model to checkpoints/step_3500
2024-09-03 13:47:57 - INFO - Save model to checkpoints/step_4000
2024-09-03 13:51:04 - INFO - Save model to checkpoints/step_4500
2024-09-03 13:54:14 - INFO - Save model to checkpoints/step_5000
2024-09-03 13:57:22 - INFO - Save model to checkpoints/step_5500
2024-09-03 14:00:30 - INFO - Save model to checkpoints/step_6000
2024-09-03 14:03:42 - INFO - Save model to checkpoints/step_6500
2024-09-03 14:06:54 - INFO - Save model to checkpoints/step_7000
2024-09-03 14:10:01 - INFO - Save model to checkpoints/step_7500
2024-09-03 14:13:12 - INFO - Save model to checkpoints/step_8000
2024-09-03 14:16:19 - INFO - Save model to checkpoints/step_8500
2024-09-03 14:19:28 - INFO - Save model to checkpoints/step_9000
2024-09-03 14:22:42 - INFO - Save model to checkpoints/step_9500
2024-09-03 14:25:51 - INFO - Save model to checkpoints/step_10000
2024-09-03 14:29:01 - INFO - Save model to checkpoints/step_10500
2024-09-03 14:32:10 - INFO - Save model to checkpoints/step_11000
2024-09-03 14:35:17 - INFO - Save model to checkpoints/step_11500
2024-09-03 14:36:53 - INFO - Use pytorch device_name: cuda
2024-09-03 14:36:53 - INFO - Load pretrained SentenceTransformer: intfloat/multilingual-e5-large
2024-09-03 14:38:57 - INFO - Save model to checkpoints/step_500
2024-09-03 14:41:01 - INFO - Save model to checkpoints/step_1000
2024-09-03 14:43:05 - INFO - Save model to checkpoints/step_1500
2024-09-03 14:45:07 - INFO - Save model to checkpoints/step_2000
2024-09-03 14:47:09 - INFO - Save model to checkpoints/step_2500
2024-09-03 14:49:12 - INFO - Save model to checkpoints/step_3000
2024-09-03 14:51:13 - INFO - Save model to checkpoints/step_3500
2024-09-03 14:53:14 - INFO - Save model to checkpoints/step_4000
2024-09-03 14:55:15 - INFO - Save model to checkpoints/step_4500
2024-09-03 14:57:16 - INFO - Save model to checkpoints/step_5000
2024-09-03 14:59:22 - INFO - Save model to checkpoints/step_5500
2024-09-03 15:01:25 - INFO - Save model to checkpoints/step_6000
2024-09-03 15:03:27 - INFO - Save model to checkpoints/step_6500
2024-09-03 15:05:29 - INFO - Save model to checkpoints/step_7000
2024-09-03 15:07:31 - INFO - Save model to checkpoints/step_7500
2024-09-03 15:09:32 - INFO - Save model to checkpoints/step_8000
2024-09-03 15:11:34 - INFO - Save model to checkpoints/step_8500
2024-09-03 15:13:36 - INFO - Save model to checkpoints/step_9000
2024-09-03 15:15:39 - INFO - Save model to checkpoints/step_9500
2024-09-03 15:17:45 - INFO - Save model to checkpoints/step_10000
2024-09-03 15:19:49 - INFO - Save model to checkpoints/step_10500
2024-09-03 15:21:53 - INFO - Save model to checkpoints/step_11000
2024-09-03 15:23:56 - INFO - Save model to checkpoints/step_11500
2024-09-03 15:25:58 - INFO - Save model to checkpoints/step_12000
2024-09-03 15:28:00 - INFO - Save model to checkpoints/step_12500
2024-09-03 15:30:03 - INFO - Save model to checkpoints/step_13000
2024-09-03 15:30:58 - INFO - Use pytorch device_name: cuda
2024-09-03 15:30:58 - INFO - Load pretrained SentenceTransformer: intfloat/multilingual-e5-large
2024-09-03 15:32:08 - INFO - Save model to checkpoints/step_500
2024-09-03 15:33:15 - INFO - Save model to checkpoints/step_1000
2024-09-03 15:34:24 - INFO - Save model to checkpoints/step_1500
2024-09-03 15:35:33 - INFO - Save model to checkpoints/step_2000
2024-09-03 15:36:42 - INFO - Save model to checkpoints/step_2500
2024-09-03 15:37:50 - INFO - Save model to checkpoints/step_3000
2024-09-03 15:38:58 - INFO - Save model to checkpoints/step_3500
2024-09-03 15:40:06 - INFO - Save model to checkpoints/step_4000
2024-09-03 15:41:15 - INFO - Save model to checkpoints/step_4500
2024-09-03 15:42:22 - INFO - Save model to checkpoints/step_5000
2024-09-03 15:43:31 - INFO - Save model to checkpoints/step_5500
2024-09-03 15:44:39 - INFO - Save model to checkpoints/step_6000
2024-09-03 15:45:46 - INFO - Save model to checkpoints/step_6500
2024-09-03 15:46:54 - INFO - Save model to checkpoints/step_7000
2024-09-03 15:48:02 - INFO - Save model to checkpoints/step_7500
2024-09-03 15:49:11 - INFO - Save model to checkpoints/step_8000
2024-09-03 15:50:20 - INFO - Save model to checkpoints/step_8500
2024-09-03 15:51:28 - INFO - Save model to checkpoints/step_9000
2024-09-03 15:52:36 - INFO - Save model to checkpoints/step_9500
2024-09-03 15:53:45 - INFO - Save model to checkpoints/step_10000
2024-09-03 15:54:54 - INFO - Save model to checkpoints/step_10500
2024-09-03 15:56:05 - INFO - Save model to checkpoints/step_11000
2024-09-03 15:57:14 - INFO - Save model to checkpoints/step_11500
2024-09-03 15:58:23 - INFO - Save model to checkpoints/step_12000
2024-09-03 15:59:31 - INFO - Save model to checkpoints/step_12500
2024-09-03 16:00:40 - INFO - Save model to checkpoints/step_13000
2024-09-03 16:01:48 - INFO - Save model to checkpoints/step_13500
2024-09-03 16:02:57 - INFO - Save model to checkpoints/step_14000
2024-09-03 16:04:06 - INFO - Save model to checkpoints/step_14500
2024-09-03 16:05:14 - INFO - Save model to checkpoints/step_15000
2024-09-03 16:06:23 - INFO - Save model to checkpoints/step_15500
2024-09-03 16:07:31 - INFO - Save model to checkpoints/step_16000
2024-09-03 16:08:39 - INFO - Save model to checkpoints/step_16500
2024-09-03 16:09:47 - INFO - Save model to checkpoints/step_17000
2024-09-03 16:10:55 - INFO - Save model to checkpoints/step_17500
2024-09-03 16:12:04 - INFO - Save model to checkpoints/step_18000
2024-09-03 16:13:12 - INFO - Save model to checkpoints/step_18500
2024-09-03 16:14:21 - INFO - Save model to checkpoints/step_19000
2024-09-03 16:15:30 - INFO - Save model to checkpoints/step_19500
2024-09-03 16:16:41 - INFO - Save model to checkpoints/step_20000
2024-09-03 16:17:49 - INFO - Save model to checkpoints/step_20500
2024-09-03 16:18:58 - INFO - Save model to checkpoints/step_21000
2024-09-03 16:20:07 - INFO - Save model to checkpoints/step_21500
2024-09-03 16:21:15 - INFO - Save model to checkpoints/step_22000
2024-09-03 16:22:24 - INFO - Save model to checkpoints/step_22500
2024-09-03 16:23:33 - INFO - Save model to checkpoints/step_23000
2024-09-03 16:24:41 - INFO - Save model to checkpoints/step_23500
2024-09-03 16:25:49 - INFO - Save model to checkpoints/step_24000
2024-09-03 16:26:57 - INFO - Save model to checkpoints/step_24500
2024-09-03 16:28:05 - INFO - Save model to checkpoints/step_25000
2024-09-03 16:29:14 - INFO - Save model to checkpoints/step_25500
2024-09-03 16:30:22 - INFO - Save model to checkpoints/step_26000
2024-09-03 16:31:30 - INFO - Save model to checkpoints/step_26500
2024-09-03 16:32:39 - INFO - Save model to checkpoints/step_27000
2024-09-03 16:33:47 - INFO - Save model to checkpoints/step_27500
2024-09-03 16:34:57 - INFO - Save model to checkpoints/step_28000
2024-09-03 16:36:07 - INFO - Save model to checkpoints/step_28500
2024-09-03 16:37:16 - INFO - Save model to checkpoints/step_29000
2024-09-03 16:38:25 - INFO - Save model to checkpoints/step_29500
2024-09-03 16:39:33 - INFO - Save model to checkpoints/step_30000
2024-09-03 16:40:42 - INFO - Save model to checkpoints/step_30500
2024-09-03 16:41:51 - INFO - Save model to checkpoints/step_31000
2024-09-03 16:42:59 - INFO - Save model to checkpoints/step_31500
2024-09-03 16:44:08 - INFO - Save model to checkpoints/step_32000
2024-09-03 16:45:17 - INFO - Save model to checkpoints/step_32500
2024-09-03 16:46:26 - INFO - Save model to checkpoints/step_33000
2024-09-03 16:47:34 - INFO - Save model to checkpoints/step_33500
2024-09-03 16:48:42 - INFO - Save model to checkpoints/step_34000
2024-09-03 16:49:51 - INFO - Save model to checkpoints/step_34500
2024-09-03 16:50:59 - INFO - Save model to checkpoints/step_35000
2024-09-03 16:52:08 - INFO - Save model to checkpoints/step_35500
2024-09-03 16:53:16 - INFO - Save model to checkpoints/step_36000
2024-09-03 16:54:25 - INFO - Save model to checkpoints/step_36500
2024-09-03 16:55:34 - INFO - Save model to checkpoints/step_37000
2024-09-03 16:56:44 - INFO - Save model to checkpoints/step_37500
2024-09-03 16:57:53 - INFO - Save model to checkpoints/step_38000
2024-09-03 16:59:02 - INFO - Save model to checkpoints/step_38500
2024-09-03 17:00:11 - INFO - Save model to checkpoints/step_39000
2024-09-03 17:01:19 - INFO - Save model to checkpoints/step_39500
2024-09-03 17:02:28 - INFO - Save model to checkpoints/step_40000
2024-09-03 17:03:36 - INFO - Save model to checkpoints/step_40500
2024-09-03 17:04:45 - INFO - Save model to checkpoints/step_41000
2024-09-03 17:05:54 - INFO - Save model to checkpoints/step_41500
2024-09-03 17:07:02 - INFO - Save model to checkpoints/step_42000
2024-09-03 17:08:11 - INFO - Save model to checkpoints/step_42500
2024-09-03 17:09:18 - INFO - Save model to checkpoints/step_43000
2024-09-03 17:10:27 - INFO - Save model to checkpoints/step_43500
2024-09-03 17:11:35 - INFO - Save model to checkpoints/step_44000
2024-09-03 17:12:43 - INFO - Save model to checkpoints/step_44500
2024-09-03 17:13:51 - INFO - Save model to checkpoints/step_45000
2024-09-03 17:15:01 - INFO - Save model to checkpoints/step_45500
2024-09-03 17:16:11 - INFO - Save model to checkpoints/step_46000
2024-09-03 17:17:21 - INFO - Save model to checkpoints/step_46500
2024-09-03 17:18:29 - INFO - Save model to checkpoints/step_47000
2024-09-03 17:19:38 - INFO - Save model to checkpoints/step_47500
2024-09-03 17:20:46 - INFO - Save model to checkpoints/step_48000
2024-09-03 17:21:55 - INFO - Save model to checkpoints/step_48500
2024-09-03 17:23:03 - INFO - Save model to checkpoints/step_49000
2024-09-03 17:24:12 - INFO - Save model to checkpoints/step_49500
2024-09-03 17:25:20 - INFO - Save model to checkpoints/step_50000
2024-09-03 17:26:29 - INFO - Save model to checkpoints/step_50500
2024-09-03 17:27:36 - INFO - Save model to checkpoints/step_51000
2024-09-03 17:28:45 - INFO - Save model to checkpoints/step_51500
2024-09-03 17:29:54 - INFO - Save model to checkpoints/step_52000
2024-09-03 17:31:02 - INFO - Save model to checkpoints/step_52500
2024-09-03 17:31:54 - INFO - Use pytorch device_name: cuda
2024-09-03 17:31:54 - INFO - Load pretrained SentenceTransformer: intfloat/multilingual-e5-large
2024-09-03 17:36:14 - INFO - Save model to checkpoints/step_500
2024-09-03 17:40:34 - INFO - Save model to checkpoints/step_1000
2024-09-03 17:44:50 - INFO - Save model to checkpoints/step_1500
2024-09-03 17:49:07 - INFO - Save model to checkpoints/step_2000
2024-09-03 17:53:21 - INFO - Save model to checkpoints/step_2500
2024-09-03 17:57:46 - INFO - Save model to checkpoints/step_3000
2024-09-03 18:02:03 - INFO - Save model to checkpoints/step_3500
2024-09-03 18:06:17 - INFO - Save model to checkpoints/step_4000
2024-09-03 18:10:33 - INFO - Save model to checkpoints/step_4500
2024-09-03 18:14:55 - INFO - Save model to checkpoints/step_5000
2024-09-03 18:19:12 - INFO - Save model to checkpoints/step_5500
2024-09-03 18:23:30 - INFO - Save model to checkpoints/step_6000
2024-09-03 18:27:46 - INFO - Save model to checkpoints/step_6500
2024-09-03 18:32:05 - INFO - Save model to checkpoints/step_7000
2024-09-03 18:36:25 - INFO - Save model to checkpoints/step_7500
2024-09-03 18:40:40 - INFO - Save model to checkpoints/step_8000
2024-09-03 18:44:56 - INFO - Save model to checkpoints/step_8500
2024-09-03 18:47:38 - INFO - Use pytorch device_name: cuda
2024-09-03 18:47:38 - INFO - Load pretrained SentenceTransformer: intfloat/multilingual-e5-large
2024-09-03 18:49:42 - INFO - Save model to checkpoints/step_500
2024-09-03 18:51:48 - INFO - Save model to checkpoints/step_1000
2024-09-03 18:53:53 - INFO - Save model to checkpoints/step_1500
2024-09-03 18:55:56 - INFO - Save model to checkpoints/step_2000
2024-09-03 18:57:59 - INFO - Save model to checkpoints/step_2500
2024-09-03 19:00:04 - INFO - Save model to checkpoints/step_3000
2024-09-03 19:02:06 - INFO - Save model to checkpoints/step_3500
2024-09-03 19:04:10 - INFO - Save model to checkpoints/step_4000
2024-09-03 19:06:12 - INFO - Save model to checkpoints/step_4500
2024-09-03 19:08:15 - INFO - Save model to checkpoints/step_5000
2024-09-03 19:10:22 - INFO - Save model to checkpoints/step_5500
2024-09-03 19:12:27 - INFO - Save model to checkpoints/step_6000
2024-09-03 19:14:30 - INFO - Save model to checkpoints/step_6500
2024-09-03 19:16:34 - INFO - Save model to checkpoints/step_7000
2024-09-03 19:18:37 - INFO - Save model to checkpoints/step_7500
2024-09-03 19:20:41 - INFO - Save model to checkpoints/step_8000
2024-09-03 19:22:44 - INFO - Save model to checkpoints/step_8500
2024-09-03 19:24:46 - INFO - Save model to checkpoints/step_9000
2024-09-03 19:26:49 - INFO - Save model to checkpoints/step_9500
2024-09-03 19:28:55 - INFO - Save model to checkpoints/step_10000
2024-09-03 19:30:59 - INFO - Save model to checkpoints/step_10500
2024-09-03 19:33:03 - INFO - Save model to checkpoints/step_11000
2024-09-03 19:35:08 - INFO - Save model to checkpoints/step_11500
2024-09-03 19:37:10 - INFO - Save model to checkpoints/step_12000
2024-09-03 19:39:12 - INFO - Save model to checkpoints/step_12500
2024-09-03 19:41:16 - INFO - Save model to checkpoints/step_13000
2024-09-03 19:42:11 - INFO - Use pytorch device_name: cuda
2024-09-03 19:42:11 - INFO - Load pretrained SentenceTransformer: intfloat/multilingual-e5-large
2024-09-03 19:46:31 - INFO - Save model to checkpoints/step_500
2024-09-03 19:50:51 - INFO - Save model to checkpoints/step_1000
2024-09-03 19:55:07 - INFO - Save model to checkpoints/step_1500
2024-09-03 19:59:24 - INFO - Save model to checkpoints/step_2000
2024-09-03 20:03:39 - INFO - Save model to checkpoints/step_2500
2024-09-03 20:08:03 - INFO - Save model to checkpoints/step_3000
2024-09-03 20:12:20 - INFO - Save model to checkpoints/step_3500
2024-09-03 20:16:34 - INFO - Save model to checkpoints/step_4000
2024-09-03 20:20:51 - INFO - Save model to checkpoints/step_4500
2024-09-03 20:25:13 - INFO - Save model to checkpoints/step_5000
2024-09-03 20:29:30 - INFO - Save model to checkpoints/step_5500
2024-09-03 20:33:48 - INFO - Save model to checkpoints/step_6000
2024-09-03 20:38:04 - INFO - Save model to checkpoints/step_6500
2024-09-03 20:39:02 - INFO - Use pytorch device_name: cuda
2024-09-03 20:39:02 - INFO - Load pretrained SentenceTransformer: intfloat/multilingual-e5-large
2024-09-03 20:41:06 - INFO - Save model to checkpoints/step_500
2024-09-03 20:43:12 - INFO - Save model to checkpoints/step_1000
2024-09-03 20:45:17 - INFO - Save model to checkpoints/step_1500
2024-09-03 20:47:21 - INFO - Save model to checkpoints/step_2000
2024-09-03 20:49:24 - INFO - Save model to checkpoints/step_2500
2024-09-03 20:51:28 - INFO - Save model to checkpoints/step_3000
2024-09-03 20:53:31 - INFO - Save model to checkpoints/step_3500
2024-09-03 20:55:34 - INFO - Save model to checkpoints/step_4000
2024-09-03 20:57:36 - INFO - Save model to checkpoints/step_4500
2024-09-03 20:59:39 - INFO - Save model to checkpoints/step_5000
2024-09-03 21:01:46 - INFO - Save model to checkpoints/step_5500
2024-09-03 21:03:51 - INFO - Save model to checkpoints/step_6000
2024-09-03 21:05:54 - INFO - Save model to checkpoints/step_6500
2024-09-03 21:07:58 - INFO - Save model to checkpoints/step_7000
2024-09-03 21:10:01 - INFO - Save model to checkpoints/step_7500
2024-09-03 21:12:04 - INFO - Save model to checkpoints/step_8000
2024-09-03 21:14:07 - INFO - Save model to checkpoints/step_8500
2024-09-03 21:15:25 - INFO - Use pytorch device_name: cuda
2024-09-03 21:15:25 - INFO - Load pretrained SentenceTransformer: intfloat/multilingual-e5-large
2024-09-03 21:18:39 - INFO - Save model to checkpoints/step_500
2024-09-03 21:21:53 - INFO - Save model to checkpoints/step_1000
2024-09-03 21:25:02 - INFO - Save model to checkpoints/step_1500
2024-09-03 21:28:13 - INFO - Save model to checkpoints/step_2000
2024-09-03 21:31:21 - INFO - Save model to checkpoints/step_2500
2024-09-03 21:34:32 - INFO - Save model to checkpoints/step_3000
2024-09-03 21:37:43 - INFO - Save model to checkpoints/step_3500
2024-09-03 21:40:57 - INFO - Save model to checkpoints/step_4000
2024-09-03 21:44:06 - INFO - Save model to checkpoints/step_4500
2024-09-03 21:47:18 - INFO - Save model to checkpoints/step_5000
2024-09-03 21:50:27 - INFO - Save model to checkpoints/step_5500
2024-09-03 21:53:37 - INFO - Save model to checkpoints/step_6000
2024-09-03 21:56:51 - INFO - Save model to checkpoints/step_6500
2024-09-03 22:00:04 - INFO - Save model to checkpoints/step_7000
2024-09-03 22:03:13 - INFO - Save model to checkpoints/step_7500
2024-09-03 22:06:25 - INFO - Save model to checkpoints/step_8000
2024-09-03 22:09:34 - INFO - Save model to checkpoints/step_8500
2024-09-03 22:12:45 - INFO - Save model to checkpoints/step_9000
2024-09-03 22:16:00 - INFO - Save model to checkpoints/step_9500
2024-09-03 22:19:11 - INFO - Save model to checkpoints/step_10000
2024-09-03 22:22:22 - INFO - Save model to checkpoints/step_10500
2024-09-03 22:25:33 - INFO - Save model to checkpoints/step_11000
2024-09-03 22:28:41 - INFO - Save model to checkpoints/step_11500
2024-09-03 22:30:19 - INFO - Use pytorch device_name: cuda
2024-09-03 22:30:19 - INFO - Load pretrained SentenceTransformer: intfloat/multilingual-e5-large
2024-09-03 22:31:28 - INFO - Save model to checkpoints/step_500
2024-09-03 22:32:36 - INFO - Save model to checkpoints/step_1000
2024-09-03 22:33:46 - INFO - Save model to checkpoints/step_1500
2024-09-03 22:34:55 - INFO - Save model to checkpoints/step_2000
2024-09-03 22:36:05 - INFO - Save model to checkpoints/step_2500
2024-09-03 22:37:14 - INFO - Save model to checkpoints/step_3000
2024-09-03 22:38:22 - INFO - Save model to checkpoints/step_3500
2024-09-03 22:39:31 - INFO - Save model to checkpoints/step_4000
2024-09-03 22:40:39 - INFO - Save model to checkpoints/step_4500
2024-09-03 22:41:48 - INFO - Save model to checkpoints/step_5000
2024-09-03 22:42:57 - INFO - Save model to checkpoints/step_5500
2024-09-03 22:44:05 - INFO - Save model to checkpoints/step_6000
2024-09-03 22:45:13 - INFO - Save model to checkpoints/step_6500
2024-09-03 22:46:21 - INFO - Save model to checkpoints/step_7000
2024-09-03 22:47:29 - INFO - Save model to checkpoints/step_7500
2024-09-03 22:48:38 - INFO - Save model to checkpoints/step_8000
2024-09-03 22:49:46 - INFO - Save model to checkpoints/step_8500
2024-09-03 22:50:55 - INFO - Save model to checkpoints/step_9000
2024-09-03 22:52:02 - INFO - Save model to checkpoints/step_9500
2024-09-03 22:53:11 - INFO - Save model to checkpoints/step_10000
2024-09-03 22:54:21 - INFO - Save model to checkpoints/step_10500
2024-09-03 22:55:31 - INFO - Save model to checkpoints/step_11000
2024-09-03 22:56:40 - INFO - Save model to checkpoints/step_11500
2024-09-03 22:57:49 - INFO - Save model to checkpoints/step_12000
2024-09-03 22:58:57 - INFO - Save model to checkpoints/step_12500
2024-09-03 23:00:06 - INFO - Save model to checkpoints/step_13000
2024-09-03 23:01:14 - INFO - Save model to checkpoints/step_13500
2024-09-03 23:02:23 - INFO - Save model to checkpoints/step_14000
2024-09-03 23:03:32 - INFO - Save model to checkpoints/step_14500
2024-09-03 23:04:40 - INFO - Save model to checkpoints/step_15000
2024-09-03 23:05:49 - INFO - Save model to checkpoints/step_15500
2024-09-03 23:06:57 - INFO - Save model to checkpoints/step_16000
2024-09-03 23:08:05 - INFO - Save model to checkpoints/step_16500
2024-09-03 23:09:13 - INFO - Save model to checkpoints/step_17000
2024-09-03 23:10:22 - INFO - Save model to checkpoints/step_17500
2024-09-03 23:10:42 - INFO - Use pytorch device_name: cuda
2024-09-03 23:10:42 - INFO - Load pretrained SentenceTransformer: intfloat/multilingual-e5-large
2024-09-03 23:12:45 - INFO - Save model to checkpoints/step_500
2024-09-03 23:14:51 - INFO - Save model to checkpoints/step_1000
2024-09-03 23:16:56 - INFO - Save model to checkpoints/step_1500
2024-09-03 23:19:00 - INFO - Save model to checkpoints/step_2000
2024-09-03 23:21:04 - INFO - Save model to checkpoints/step_2500
2024-09-03 23:23:08 - INFO - Save model to checkpoints/step_3000
2024-09-03 23:25:11 - INFO - Save model to checkpoints/step_3500
2024-09-03 23:27:14 - INFO - Save model to checkpoints/step_4000
2024-09-03 23:29:16 - INFO - Save model to checkpoints/step_4500
2024-09-03 23:31:19 - INFO - Save model to checkpoints/step_5000
2024-09-03 23:33:26 - INFO - Save model to checkpoints/step_5500
2024-09-03 23:35:31 - INFO - Save model to checkpoints/step_6000
2024-09-03 23:37:35 - INFO - Save model to checkpoints/step_6500
2024-09-03 23:39:38 - INFO - Save model to checkpoints/step_7000
2024-09-03 23:41:42 - INFO - Save model to checkpoints/step_7500
2024-09-03 23:43:44 - INFO - Save model to checkpoints/step_8000
2024-09-03 23:45:47 - INFO - Save model to checkpoints/step_8500
2024-09-03 23:47:51 - INFO - Save model to checkpoints/step_9000
2024-09-03 23:49:54 - INFO - Save model to checkpoints/step_9500
2024-09-03 23:52:01 - INFO - Save model to checkpoints/step_10000
2024-09-03 23:54:05 - INFO - Save model to checkpoints/step_10500
2024-09-03 23:56:09 - INFO - Save model to checkpoints/step_11000
2024-09-03 23:58:13 - INFO - Save model to checkpoints/step_11500
2024-09-04 00:00:16 - INFO - Save model to checkpoints/step_12000
2024-09-04 00:02:18 - INFO - Save model to checkpoints/step_12500
2024-09-04 00:04:22 - INFO - Save model to checkpoints/step_13000
2024-09-04 00:06:25 - INFO - Save model to checkpoints/step_13500
2024-09-04 00:08:29 - INFO - Save model to checkpoints/step_14000
2024-09-04 00:10:36 - INFO - Save model to checkpoints/step_14500
2024-09-04 00:12:38 - INFO - Save model to checkpoints/step_15000
2024-09-04 00:14:43 - INFO - Save model to checkpoints/step_15500
2024-09-04 00:16:46 - INFO - Save model to checkpoints/step_16000
2024-09-04 00:18:50 - INFO - Save model to checkpoints/step_16500
2024-09-04 00:20:52 - INFO - Save model to checkpoints/step_17000
2024-09-04 00:22:55 - INFO - Save model to checkpoints/step_17500
2024-09-04 00:24:58 - INFO - Save model to checkpoints/step_18000
2024-09-04 00:27:03 - INFO - Save model to checkpoints/step_18500
2024-09-04 00:29:09 - INFO - Save model to checkpoints/step_19000
2024-09-04 00:31:14 - INFO - Save model to checkpoints/step_19500
2024-09-04 00:33:17 - INFO - Save model to checkpoints/step_20000
2024-09-04 00:35:21 - INFO - Save model to checkpoints/step_20500
2024-09-04 00:37:24 - INFO - Save model to checkpoints/step_21000
2024-09-04 00:39:27 - INFO - Save model to checkpoints/step_21500
2024-09-04 00:41:30 - INFO - Save model to checkpoints/step_22000
2024-09-04 00:43:32 - INFO - Save model to checkpoints/step_22500
2024-09-04 00:45:39 - INFO - Save model to checkpoints/step_23000
2024-09-04 00:47:44 - INFO - Save model to checkpoints/step_23500
2024-09-04 00:49:48 - INFO - Save model to checkpoints/step_24000
2024-09-04 00:51:52 - INFO - Save model to checkpoints/step_24500
2024-09-04 00:53:56 - INFO - Save model to checkpoints/step_25000
2024-09-04 00:55:58 - INFO - Save model to checkpoints/step_25500
2024-09-04 00:58:02 - INFO - Save model to checkpoints/step_26000
2024-09-04 00:59:50 - INFO - Use pytorch device_name: cuda
2024-09-04 00:59:50 - INFO - Load pretrained SentenceTransformer: intfloat/multilingual-e5-large
2024-09-04 01:01:53 - INFO - Save model to checkpoints/step_500
2024-09-04 01:03:59 - INFO - Save model to checkpoints/step_1000
2024-09-04 01:06:05 - INFO - Save model to checkpoints/step_1500
2024-09-04 01:08:09 - INFO - Save model to checkpoints/step_2000
2024-09-04 01:10:12 - INFO - Save model to checkpoints/step_2500
2024-09-04 01:12:16 - INFO - Save model to checkpoints/step_3000
2024-09-04 01:14:19 - INFO - Save model to checkpoints/step_3500
2024-09-04 01:16:22 - INFO - Save model to checkpoints/step_4000
2024-09-04 01:18:24 - INFO - Save model to checkpoints/step_4500
2024-09-04 01:20:27 - INFO - Save model to checkpoints/step_5000
2024-09-04 01:22:34 - INFO - Save model to checkpoints/step_5500
2024-09-04 01:24:39 - INFO - Save model to checkpoints/step_6000
2024-09-04 01:26:42 - INFO - Save model to checkpoints/step_6500
2024-09-04 01:28:46 - INFO - Save model to checkpoints/step_7000
2024-09-04 01:30:49 - INFO - Save model to checkpoints/step_7500
2024-09-04 01:32:52 - INFO - Save model to checkpoints/step_8000
2024-09-04 01:34:55 - INFO - Save model to checkpoints/step_8500
2024-09-04 01:36:58 - INFO - Save model to checkpoints/step_9000
2024-09-04 01:39:02 - INFO - Save model to checkpoints/step_9500
2024-09-04 01:41:08 - INFO - Save model to checkpoints/step_10000
2024-09-04 01:43:13 - INFO - Save model to checkpoints/step_10500
2024-09-04 01:45:17 - INFO - Save model to checkpoints/step_11000
2024-09-04 01:47:21 - INFO - Save model to checkpoints/step_11500
2024-09-04 01:49:23 - INFO - Save model to checkpoints/step_12000
2024-09-04 01:51:25 - INFO - Save model to checkpoints/step_12500
2024-09-04 01:53:30 - INFO - Save model to checkpoints/step_13000
2024-09-04 01:55:32 - INFO - Save model to checkpoints/step_13500
2024-09-04 01:57:37 - INFO - Save model to checkpoints/step_14000
2024-09-04 01:59:43 - INFO - Save model to checkpoints/step_14500
2024-09-04 02:01:46 - INFO - Save model to checkpoints/step_15000
2024-09-04 02:03:50 - INFO - Save model to checkpoints/step_15500
2024-09-04 02:05:54 - INFO - Save model to checkpoints/step_16000
2024-09-04 02:07:58 - INFO - Save model to checkpoints/step_16500
2024-09-04 02:10:01 - INFO - Save model to checkpoints/step_17000
2024-09-04 02:12:04 - INFO - Save model to checkpoints/step_17500
2024-09-04 02:14:06 - INFO - Save model to checkpoints/step_18000
2024-09-04 02:16:12 - INFO - Save model to checkpoints/step_18500
2024-09-04 02:18:18 - INFO - Save model to checkpoints/step_19000
2024-09-04 02:20:22 - INFO - Save model to checkpoints/step_19500
2024-09-04 02:22:25 - INFO - Save model to checkpoints/step_20000
2024-09-04 02:24:29 - INFO - Save model to checkpoints/step_20500
2024-09-04 02:26:32 - INFO - Save model to checkpoints/step_21000
2024-09-04 02:28:35 - INFO - Save model to checkpoints/step_21500
2024-09-04 02:30:37 - INFO - Save model to checkpoints/step_22000
2024-09-04 02:32:39 - INFO - Save model to checkpoints/step_22500
2024-09-04 02:34:46 - INFO - Save model to checkpoints/step_23000
2024-09-04 02:36:52 - INFO - Save model to checkpoints/step_23500
2024-09-04 02:38:56 - INFO - Save model to checkpoints/step_24000
2024-09-04 02:40:59 - INFO - Save model to checkpoints/step_24500
2024-09-04 02:43:03 - INFO - Save model to checkpoints/step_25000
2024-09-04 02:45:05 - INFO - Save model to checkpoints/step_25500
2024-09-04 02:47:09 - INFO - Save model to checkpoints/step_26000
2024-09-04 02:48:57 - INFO - Use pytorch device_name: cuda
2024-09-04 02:48:57 - INFO - Load pretrained SentenceTransformer: intfloat/multilingual-e5-large
2024-09-04 02:51:02 - INFO - Save model to checkpoints/step_500
2024-09-04 02:53:08 - INFO - Save model to checkpoints/step_1000
2024-09-04 02:55:13 - INFO - Save model to checkpoints/step_1500
2024-09-04 02:57:17 - INFO - Save model to checkpoints/step_2000
2024-09-04 02:59:20 - INFO - Save model to checkpoints/step_2500
2024-09-04 03:01:24 - INFO - Save model to checkpoints/step_3000
2024-09-04 03:03:27 - INFO - Save model to checkpoints/step_3500
2024-09-04 03:05:30 - INFO - Save model to checkpoints/step_4000
2024-09-04 03:07:32 - INFO - Save model to checkpoints/step_4500
2024-09-04 03:09:35 - INFO - Save model to checkpoints/step_5000
2024-09-04 03:11:42 - INFO - Save model to checkpoints/step_5500
2024-09-04 03:13:47 - INFO - Save model to checkpoints/step_6000
2024-09-04 03:15:50 - INFO - Save model to checkpoints/step_6500
2024-09-04 03:17:54 - INFO - Save model to checkpoints/step_7000
2024-09-04 03:19:58 - INFO - Save model to checkpoints/step_7500
2024-09-04 03:22:00 - INFO - Save model to checkpoints/step_8000
2024-09-04 03:24:04 - INFO - Save model to checkpoints/step_8500
2024-09-04 03:26:07 - INFO - Save model to checkpoints/step_9000
2024-09-04 03:28:11 - INFO - Save model to checkpoints/step_9500
2024-09-04 03:30:18 - INFO - Save model to checkpoints/step_10000
2024-09-04 03:32:22 - INFO - Save model to checkpoints/step_10500
2024-09-04 03:34:26 - INFO - Save model to checkpoints/step_11000
2024-09-04 03:36:30 - INFO - Save model to checkpoints/step_11500
2024-09-04 03:38:33 - INFO - Save model to checkpoints/step_12000
2024-09-04 03:40:35 - INFO - Save model to checkpoints/step_12500
2024-09-04 03:42:40 - INFO - Save model to checkpoints/step_13000
2024-09-04 03:44:42 - INFO - Save model to checkpoints/step_13500
2024-09-04 03:46:47 - INFO - Save model to checkpoints/step_14000
2024-09-04 03:48:54 - INFO - Save model to checkpoints/step_14500
2024-09-04 03:50:56 - INFO - Save model to checkpoints/step_15000
2024-09-04 03:53:01 - INFO - Save model to checkpoints/step_15500
2024-09-04 03:55:05 - INFO - Save model to checkpoints/step_16000
2024-09-04 03:57:09 - INFO - Save model to checkpoints/step_16500
2024-09-04 03:59:11 - INFO - Save model to checkpoints/step_17000
2024-09-04 04:01:14 - INFO - Save model to checkpoints/step_17500
2024-09-04 04:03:16 - INFO - Save model to checkpoints/step_18000
2024-09-04 04:05:22 - INFO - Save model to checkpoints/step_18500
2024-09-04 04:07:28 - INFO - Save model to checkpoints/step_19000
2024-09-04 04:09:32 - INFO - Save model to checkpoints/step_19500
2024-09-04 04:11:35 - INFO - Save model to checkpoints/step_20000
2024-09-04 04:13:40 - INFO - Save model to checkpoints/step_20500
2024-09-04 04:15:43 - INFO - Save model to checkpoints/step_21000
2024-09-04 04:17:45 - INFO - Save model to checkpoints/step_21500
2024-09-04 04:19:48 - INFO - Save model to checkpoints/step_22000
2024-09-04 04:19:59 - INFO - Use pytorch device_name: cuda
2024-09-04 04:19:59 - INFO - Load pretrained SentenceTransformer: intfloat/multilingual-e5-large
2024-09-04 04:22:02 - INFO - Save model to checkpoints/step_500
2024-09-04 04:24:09 - INFO - Save model to checkpoints/step_1000
2024-09-04 04:26:14 - INFO - Save model to checkpoints/step_1500
2024-09-04 04:28:18 - INFO - Save model to checkpoints/step_2000
2024-09-04 04:30:21 - INFO - Save model to checkpoints/step_2500
2024-09-04 04:32:25 - INFO - Save model to checkpoints/step_3000
2024-09-04 04:34:28 - INFO - Save model to checkpoints/step_3500
2024-09-04 04:36:31 - INFO - Save model to checkpoints/step_4000
2024-09-04 04:38:34 - INFO - Save model to checkpoints/step_4500
2024-09-04 04:40:36 - INFO - Save model to checkpoints/step_5000
2024-09-04 04:42:43 - INFO - Save model to checkpoints/step_5500
2024-09-04 04:44:48 - INFO - Save model to checkpoints/step_6000
2024-09-04 04:46:51 - INFO - Save model to checkpoints/step_6500
2024-09-04 04:48:55 - INFO - Save model to checkpoints/step_7000
2024-09-04 04:50:59 - INFO - Save model to checkpoints/step_7500
2024-09-04 04:53:01 - INFO - Save model to checkpoints/step_8000
2024-09-04 04:55:04 - INFO - Save model to checkpoints/step_8500
2024-09-04 04:57:07 - INFO - Save model to checkpoints/step_9000
2024-09-04 04:59:11 - INFO - Save model to checkpoints/step_9500
2024-09-04 05:01:18 - INFO - Save model to checkpoints/step_10000
2024-09-04 05:03:22 - INFO - Save model to checkpoints/step_10500
2024-09-04 05:05:26 - INFO - Save model to checkpoints/step_11000
2024-09-04 05:07:30 - INFO - Save model to checkpoints/step_11500
2024-09-04 05:09:33 - INFO - Save model to checkpoints/step_12000
2024-09-04 05:11:35 - INFO - Save model to checkpoints/step_12500
2024-09-04 05:13:39 - INFO - Save model to checkpoints/step_13000
2024-09-04 05:15:41 - INFO - Save model to checkpoints/step_13500
2024-09-04 05:17:47 - INFO - Save model to checkpoints/step_14000
2024-09-04 05:19:53 - INFO - Save model to checkpoints/step_14500
2024-09-04 05:21:56 - INFO - Save model to checkpoints/step_15000
2024-09-04 05:24:00 - INFO - Save model to checkpoints/step_15500
2024-09-04 05:26:04 - INFO - Save model to checkpoints/step_16000
2024-09-04 05:28:08 - INFO - Save model to checkpoints/step_16500
2024-09-04 05:30:10 - INFO - Save model to checkpoints/step_17000
2024-09-04 05:32:13 - INFO - Save model to checkpoints/step_17500
2024-09-04 05:34:15 - INFO - Save model to checkpoints/step_18000
2024-09-04 05:36:21 - INFO - Save model to checkpoints/step_18500
2024-09-04 05:38:27 - INFO - Save model to checkpoints/step_19000
2024-09-04 05:40:31 - INFO - Save model to checkpoints/step_19500
2024-09-04 05:42:34 - INFO - Save model to checkpoints/step_20000
2024-09-04 05:44:38 - INFO - Save model to checkpoints/step_20500
2024-09-04 05:46:41 - INFO - Save model to checkpoints/step_21000
2024-09-04 05:48:44 - INFO - Save model to checkpoints/step_21500
2024-09-04 05:50:46 - INFO - Save model to checkpoints/step_22000
2024-09-04 05:50:57 - INFO - Use pytorch device_name: cuda
2024-09-04 05:50:57 - INFO - Load pretrained SentenceTransformer: intfloat/multilingual-e5-large
2024-09-04 05:53:01 - INFO - Save model to checkpoints/step_500
2024-09-04 05:55:08 - INFO - Save model to checkpoints/step_1000
2024-09-04 05:57:13 - INFO - Save model to checkpoints/step_1500
2024-09-04 05:59:17 - INFO - Save model to checkpoints/step_2000
2024-09-04 06:01:20 - INFO - Save model to checkpoints/step_2500
2024-09-04 06:03:24 - INFO - Save model to checkpoints/step_3000
2024-09-04 06:05:27 - INFO - Save model to checkpoints/step_3500
2024-09-04 06:07:30 - INFO - Save model to checkpoints/step_4000
2024-09-04 06:09:33 - INFO - Save model to checkpoints/step_4500
2024-09-04 06:11:36 - INFO - Save model to checkpoints/step_5000
2024-09-04 06:13:43 - INFO - Save model to checkpoints/step_5500
2024-09-04 06:15:47 - INFO - Save model to checkpoints/step_6000
2024-09-04 06:17:51 - INFO - Save model to checkpoints/step_6500
2024-09-04 06:19:55 - INFO - Save model to checkpoints/step_7000
2024-09-04 06:21:58 - INFO - Save model to checkpoints/step_7500
2024-09-04 06:24:01 - INFO - Save model to checkpoints/step_8000
2024-09-04 06:26:04 - INFO - Save model to checkpoints/step_8500
2024-09-04 06:28:07 - INFO - Save model to checkpoints/step_9000
2024-09-04 06:30:11 - INFO - Save model to checkpoints/step_9500
2024-09-04 06:32:18 - INFO - Save model to checkpoints/step_10000
2024-09-04 06:34:22 - INFO - Save model to checkpoints/step_10500
2024-09-04 06:36:26 - INFO - Save model to checkpoints/step_11000
2024-09-04 06:38:30 - INFO - Save model to checkpoints/step_11500
2024-09-04 06:40:33 - INFO - Save model to checkpoints/step_12000
2024-09-04 06:42:35 - INFO - Save model to checkpoints/step_12500
2024-09-04 06:44:39 - INFO - Save model to checkpoints/step_13000
2024-09-04 06:46:42 - INFO - Save model to checkpoints/step_13500
2024-09-04 06:48:47 - INFO - Save model to checkpoints/step_14000
2024-09-04 06:50:53 - INFO - Save model to checkpoints/step_14500
2024-09-04 06:52:56 - INFO - Save model to checkpoints/step_15000
2024-09-04 06:55:00 - INFO - Save model to checkpoints/step_15500
2024-09-04 06:57:04 - INFO - Save model to checkpoints/step_16000
2024-09-04 06:59:08 - INFO - Save model to checkpoints/step_16500
2024-09-04 07:01:10 - INFO - Save model to checkpoints/step_17000
2024-09-04 07:03:13 - INFO - Save model to checkpoints/step_17500
2024-09-04 07:05:16 - INFO - Save model to checkpoints/step_18000
2024-09-04 07:07:21 - INFO - Save model to checkpoints/step_18500
2024-09-04 07:09:27 - INFO - Save model to checkpoints/step_19000
2024-09-04 07:11:32 - INFO - Save model to checkpoints/step_19500
2024-09-04 07:13:35 - INFO - Save model to checkpoints/step_20000
2024-09-04 07:15:39 - INFO - Save model to checkpoints/step_20500
2024-09-04 07:17:42 - INFO - Save model to checkpoints/step_21000
2024-09-04 07:19:45 - INFO - Save model to checkpoints/step_21500
2024-09-04 07:21:48 - INFO - Save model to checkpoints/step_22000
2024-09-04 08:12:48 - INFO - Use pytorch device_name: cuda
2024-09-04 08:12:48 - INFO - Load pretrained SentenceTransformer: intfloat/multilingual-e5-large
2024-09-04 08:13:01 - INFO - Running hyperparemeter-optimization...
2024-09-04 08:13:01 - INFO - Use pytorch device_name: cuda
2024-09-04 08:13:01 - INFO - Load pretrained SentenceTransformer: intfloat/multilingual-e5-large
2024-09-04 08:16:15 - INFO - Save model to checkpoints/step_500
2024-09-04 08:19:28 - INFO - Save model to checkpoints/step_1000
2024-09-04 08:22:37 - INFO - Save model to checkpoints/step_1500
2024-09-04 08:25:47 - INFO - Save model to checkpoints/step_2000
2024-09-04 08:28:54 - INFO - Save model to checkpoints/step_2500
2024-09-04 08:32:03 - INFO - Save model to checkpoints/step_3000
2024-09-04 08:35:14 - INFO - Save model to checkpoints/step_3500
2024-09-04 08:38:27 - INFO - Save model to checkpoints/step_4000
2024-09-04 08:41:34 - INFO - Save model to checkpoints/step_4500
2024-09-04 08:44:45 - INFO - Save model to checkpoints/step_5000
2024-09-04 08:47:53 - INFO - Save model to checkpoints/step_5500
2024-09-04 08:51:02 - INFO - Save model to checkpoints/step_6000
2024-09-04 08:54:15 - INFO - Save model to checkpoints/step_6500
2024-09-04 08:57:27 - INFO - Save model to checkpoints/step_7000
2024-09-04 09:00:35 - INFO - Save model to checkpoints/step_7500
2024-09-04 09:03:47 - INFO - Save model to checkpoints/step_8000
2024-09-04 09:06:55 - INFO - Save model to checkpoints/step_8500
2024-09-04 09:08:55 - INFO - Use pytorch device_name: cuda
2024-09-04 09:08:55 - INFO - Load pretrained SentenceTransformer: intfloat/multilingual-e5-large
2024-09-04 09:10:04 - INFO - Save model to checkpoints/step_500
2024-09-04 09:11:11 - INFO - Save model to checkpoints/step_1000
2024-09-04 09:12:20 - INFO - Save model to checkpoints/step_1500
2024-09-04 09:13:28 - INFO - Save model to checkpoints/step_2000
2024-09-04 09:14:36 - INFO - Save model to checkpoints/step_2500
2024-09-04 09:15:44 - INFO - Save model to checkpoints/step_3000
2024-09-04 09:16:51 - INFO - Save model to checkpoints/step_3500
2024-09-04 09:17:59 - INFO - Save model to checkpoints/step_4000
2024-09-04 09:19:06 - INFO - Save model to checkpoints/step_4500
2024-09-04 09:20:14 - INFO - Save model to checkpoints/step_5000
2024-09-04 09:21:21 - INFO - Save model to checkpoints/step_5500
2024-09-04 09:22:28 - INFO - Save model to checkpoints/step_6000
2024-09-04 09:23:35 - INFO - Save model to checkpoints/step_6500
2024-09-04 09:24:42 - INFO - Save model to checkpoints/step_7000
2024-09-04 09:25:49 - INFO - Save model to checkpoints/step_7500
2024-09-04 09:26:56 - INFO - Save model to checkpoints/step_8000
2024-09-04 09:28:03 - INFO - Save model to checkpoints/step_8500
2024-09-04 09:29:10 - INFO - Save model to checkpoints/step_9000
2024-09-04 09:30:17 - INFO - Save model to checkpoints/step_9500
2024-09-04 09:31:25 - INFO - Save model to checkpoints/step_10000
2024-09-04 09:32:33 - INFO - Save model to checkpoints/step_10500
2024-09-04 09:33:42 - INFO - Save model to checkpoints/step_11000
2024-09-04 09:34:50 - INFO - Save model to checkpoints/step_11500
